<?xml version="1.0" encoding="UTF-8"?><testrun name="BMSRegistration" project="BMSRegistration" tests="14" started="14" failures="1" errors="0" ignored="0">
  <testsuite name="com.bms.model.ResponseForExceptionTest" time="0.025" displayname="ResponseForExceptionTest" uniqueid="[engine:junit-vintage]/[runner:com.bms.model.ResponseForExceptionTest]">
    <testcase name="testDate" classname="com.bms.model.ResponseForExceptionTest" time="0.017" displayname="testDate" uniqueid="[engine:junit-vintage]/[runner:com.bms.model.ResponseForExceptionTest]/[test:testDate(com.bms.model.ResponseForExceptionTest)]">
      <failure>java.lang.AssertionError: expected:&lt;2021-11-29T14:07:50.640811700&gt; but was:&lt;2021-11-29T14:07:50.639810700&gt;&#13;
	at org.junit.Assert.fail(Assert.java:89)&#13;
	at org.junit.Assert.failNotEquals(Assert.java:835)&#13;
	at org.junit.Assert.assertEquals(Assert.java:120)&#13;
	at org.junit.Assert.assertEquals(Assert.java:146)&#13;
	at com.bms.model.ResponseForExceptionTest.testDate(ResponseForExceptionTest.java:29)&#13;
	at java.base/jdk.internal.reflect.NativeMethodAccessorImpl.invoke0(Native Method)&#13;
	at java.base/jdk.internal.reflect.NativeMethodAccessorImpl.invoke(NativeMethodAccessorImpl.java:64)&#13;
	at java.base/jdk.internal.reflect.DelegatingMethodAccessorImpl.invoke(DelegatingMethodAccessorImpl.java:43)&#13;
	at java.base/java.lang.reflect.Method.invoke(Method.java:564)&#13;
	at org.junit.runners.model.FrameworkMethod$1.runReflectiveCall(FrameworkMethod.java:59)&#13;
	at org.junit.internal.runners.model.ReflectiveCallable.run(ReflectiveCallable.java:12)&#13;
	at org.junit.runners.model.FrameworkMethod.invokeExplosively(FrameworkMethod.java:56)&#13;
	at org.junit.internal.runners.statements.InvokeMethod.evaluate(InvokeMethod.java:17)&#13;
	at org.junit.internal.runners.statements.RunBefores.evaluate(RunBefores.java:26)&#13;
	at org.junit.runners.ParentRunner$3.evaluate(ParentRunner.java:306)&#13;
	at org.junit.runners.BlockJUnit4ClassRunner$1.evaluate(BlockJUnit4ClassRunner.java:100)&#13;
	at org.junit.runners.ParentRunner.runLeaf(ParentRunner.java:366)&#13;
	at org.junit.runners.BlockJUnit4ClassRunner.runChild(BlockJUnit4ClassRunner.java:103)&#13;
	at org.junit.runners.BlockJUnit4ClassRunner.runChild(BlockJUnit4ClassRunner.java:63)&#13;
	at org.junit.runners.ParentRunner$4.run(ParentRunner.java:331)&#13;
	at org.junit.runners.ParentRunner$1.schedule(ParentRunner.java:79)&#13;
	at org.junit.runners.ParentRunner.runChildren(ParentRunner.java:329)&#13;
	at org.junit.runners.ParentRunner.access$100(ParentRunner.java:66)&#13;
	at org.junit.runners.ParentRunner$2.evaluate(ParentRunner.java:293)&#13;
	at org.junit.runners.ParentRunner$3.evaluate(ParentRunner.java:306)&#13;
	at org.junit.runners.ParentRunner.run(ParentRunner.java:413)&#13;
	at org.junit.runner.JUnitCore.run(JUnitCore.java:137)&#13;
	at org.junit.runner.JUnitCore.run(JUnitCore.java:115)&#13;
	at org.junit.vintage.engine.execution.RunnerExecutor.execute(RunnerExecutor.java:43)&#13;
	at java.base/java.util.stream.ForEachOps$ForEachOp$OfRef.accept(ForEachOps.java:183)&#13;
	at java.base/java.util.stream.ReferencePipeline$3$1.accept(ReferencePipeline.java:195)&#13;
	at java.base/java.util.Iterator.forEachRemaining(Iterator.java:133)&#13;
	at java.base/java.util.Spliterators$IteratorSpliterator.forEachRemaining(Spliterators.java:1801)&#13;
	at java.base/java.util.stream.AbstractPipeline.copyInto(AbstractPipeline.java:484)&#13;
	at java.base/java.util.stream.AbstractPipeline.wrapAndCopyInto(AbstractPipeline.java:474)&#13;
	at java.base/java.util.stream.ForEachOps$ForEachOp.evaluateSequential(ForEachOps.java:150)&#13;
	at java.base/java.util.stream.ForEachOps$ForEachOp$OfRef.evaluateSequential(ForEachOps.java:173)&#13;
	at java.base/java.util.stream.AbstractPipeline.evaluate(AbstractPipeline.java:234)&#13;
	at java.base/java.util.stream.ReferencePipeline.forEach(ReferencePipeline.java:497)&#13;
	at org.junit.vintage.engine.VintageTestEngine.executeAllChildren(VintageTestEngine.java:82)&#13;
	at org.junit.vintage.engine.VintageTestEngine.execute(VintageTestEngine.java:73)&#13;
	at org.junit.platform.launcher.core.DefaultLauncher.execute(DefaultLauncher.java:248)&#13;
	at org.junit.platform.launcher.core.DefaultLauncher.lambda$execute$5(DefaultLauncher.java:211)&#13;
	at org.junit.platform.launcher.core.DefaultLauncher.withInterceptedStreams(DefaultLauncher.java:226)&#13;
	at org.junit.platform.launcher.core.DefaultLauncher.execute(DefaultLauncher.java:199)&#13;
	at org.junit.platform.launcher.core.DefaultLauncher.execute(DefaultLauncher.java:141)&#13;
	at org.eclipse.jdt.internal.junit5.runner.JUnit5TestReference.run(JUnit5TestReference.java:98)&#13;
	at org.eclipse.jdt.internal.junit.runner.TestExecution.run(TestExecution.java:40)&#13;
	at org.eclipse.jdt.internal.junit.runner.RemoteTestRunner.runTests(RemoteTestRunner.java:541)&#13;
	at org.eclipse.jdt.internal.junit.runner.RemoteTestRunner.runTests(RemoteTestRunner.java:768)&#13;
	at org.eclipse.jdt.internal.junit.runner.RemoteTestRunner.run(RemoteTestRunner.java:464)&#13;
	at org.eclipse.jdt.internal.junit.runner.RemoteTestRunner.main(RemoteTestRunner.java:210)&#13;
&#13;
</failure>
    </testcase>
    <testcase name="testMessage" classname="com.bms.model.ResponseForExceptionTest" time="0.002" displayname="testMessage" uniqueid="[engine:junit-vintage]/[runner:com.bms.model.ResponseForExceptionTest]/[test:testMessage(com.bms.model.ResponseForExceptionTest)]"/>
    <testcase name="testStatus" classname="com.bms.model.ResponseForExceptionTest" time="0.002" displayname="testStatus" uniqueid="[engine:junit-vintage]/[runner:com.bms.model.ResponseForExceptionTest]/[test:testStatus(com.bms.model.ResponseForExceptionTest)]"/>
  </testsuite>
  <testsuite name="com.bms.model.ValidateTokenTest" time="0.011" displayname="ValidateTokenTest" uniqueid="[engine:junit-vintage]/[runner:com.bms.model.ValidateTokenTest]">
    <testcase name="testUID" classname="com.bms.model.ValidateTokenTest" time="0.002" displayname="testUID" uniqueid="[engine:junit-vintage]/[runner:com.bms.model.ValidateTokenTest]/[test:testUID(com.bms.model.ValidateTokenTest)]"/>
    <testcase name="testUserName" classname="com.bms.model.ValidateTokenTest" time="0.001" displayname="testUserName" uniqueid="[engine:junit-vintage]/[runner:com.bms.model.ValidateTokenTest]/[test:testUserName(com.bms.model.ValidateTokenTest)]"/>
    <testcase name="testIsLoggedIn" classname="com.bms.model.ValidateTokenTest" time="0.001" displayname="testIsLoggedIn" uniqueid="[engine:junit-vintage]/[runner:com.bms.model.ValidateTokenTest]/[test:testIsLoggedIn(com.bms.model.ValidateTokenTest)]"/>
    <testcase name="testIsValid" classname="com.bms.model.ValidateTokenTest" time="0.002" displayname="testIsValid" uniqueid="[engine:junit-vintage]/[runner:com.bms.model.ValidateTokenTest]/[test:testIsValid(com.bms.model.ValidateTokenTest)]"/>
  </testsuite>
  <testsuite name="com.bms.model.ResponseForSuccessTest" time="0.003" displayname="ResponseForSuccessTest" uniqueid="[engine:junit-vintage]/[runner:com.bms.model.ResponseForSuccessTest]">
    <testcase name="testMessage" classname="com.bms.model.ResponseForSuccessTest" time="0.003" displayname="testMessage" uniqueid="[engine:junit-vintage]/[runner:com.bms.model.ResponseForSuccessTest]/[test:testMessage(com.bms.model.ResponseForSuccessTest)]"/>
  </testsuite>
  <testsuite name="com.bms.BmsRegistrationApplicationTests" time="6.794" displayname="BmsRegistrationApplicationTests" uniqueid="[engine:junit-jupiter]/[class:com.bms.BmsRegistrationApplicationTests]">
    <testcase name="contextLoads" classname="com.bms.BmsRegistrationApplicationTests" time="6.794" displayname="contextLoads()" uniqueid="[engine:junit-jupiter]/[class:com.bms.BmsRegistrationApplicationTests]/[method:contextLoads()]"/>
  </testsuite>
  <testsuite name="com.bms.exception.UnauthorizedExceptionTest" time="0.059" displayname="UnauthorizedExceptionTest" uniqueid="[engine:junit-jupiter]/[class:com.bms.exception.UnauthorizedExceptionTest]">
    <testcase name="constructorTest" classname="com.bms.exception.UnauthorizedExceptionTest" time="0.059" displayname="constructorTest()" uniqueid="[engine:junit-jupiter]/[class:com.bms.exception.UnauthorizedExceptionTest]/[method:constructorTest()]"/>
  </testsuite>
  <testsuite name="com.bms.exception.InvalidTokenExceptionTest" time="0.011" displayname="InvalidTokenExceptionTest" uniqueid="[engine:junit-jupiter]/[class:com.bms.exception.InvalidTokenExceptionTest]">
    <testcase name="constructorTest" classname="com.bms.exception.InvalidTokenExceptionTest" time="0.011" displayname="constructorTest()" uniqueid="[engine:junit-jupiter]/[class:com.bms.exception.InvalidTokenExceptionTest]/[method:constructorTest()]"/>
  </testsuite>
  <testsuite name="com.bms.exception.UserNotLoggedInExceptionTest" time="0.015" displayname="UserNotLoggedInExceptionTest" uniqueid="[engine:junit-jupiter]/[class:com.bms.exception.UserNotLoggedInExceptionTest]">
    <testcase name="constructorTest" classname="com.bms.exception.UserNotLoggedInExceptionTest" time="0.015" displayname="constructorTest()" uniqueid="[engine:junit-jupiter]/[class:com.bms.exception.UserNotLoggedInExceptionTest]/[method:constructorTest()]"/>
  </testsuite>
  <testsuite name="com.bms.exception.GlobalExceptionHandlerTest" time="0.033" displayname="GlobalExceptionHandlerTest" uniqueid="[engine:junit-jupiter]/[class:com.bms.exception.GlobalExceptionHandlerTest]">
    <testcase name="invalidTokenExceptionTest" classname="com.bms.exception.GlobalExceptionHandlerTest" time="0.019" displayname="invalidTokenExceptionTest()" uniqueid="[engine:junit-jupiter]/[class:com.bms.exception.GlobalExceptionHandlerTest]/[method:invalidTokenExceptionTest()]"/>
    <testcase name="userNotLoggedInExceptionTest" classname="com.bms.exception.GlobalExceptionHandlerTest" time="0.011" displayname="userNotLoggedInExceptionTest()" uniqueid="[engine:junit-jupiter]/[class:com.bms.exception.GlobalExceptionHandlerTest]/[method:userNotLoggedInExceptionTest()]"/>
  </testsuite>
</testrun>
