<?xml version="1.0" encoding="UTF-8"?><testrun name="BMSRegistration" project="BMSRegistration" tests="14" started="14" failures="1" errors="1" ignored="0">
  <testsuite name="com.bms.model.ResponseForExceptionTest" time="0.117" displayname="ResponseForExceptionTest" uniqueid="[engine:junit-vintage]/[runner:com.bms.model.ResponseForExceptionTest]">
    <testcase name="testDate" classname="com.bms.model.ResponseForExceptionTest" time="0.113" displayname="testDate" uniqueid="[engine:junit-vintage]/[runner:com.bms.model.ResponseForExceptionTest]/[test:testDate(com.bms.model.ResponseForExceptionTest)]">
      <failure>java.lang.AssertionError: expected:&lt;2021-11-29T13:28:08.923028100&gt; but was:&lt;2021-11-29T13:28:08.922027600&gt;&#13;
	at org.junit.Assert.fail(Assert.java:89)&#13;
	at org.junit.Assert.failNotEquals(Assert.java:835)&#13;
	at org.junit.Assert.assertEquals(Assert.java:120)&#13;
	at org.junit.Assert.assertEquals(Assert.java:146)&#13;
	at com.bms.model.ResponseForExceptionTest.testDate(ResponseForExceptionTest.java:29)&#13;
	at java.base/jdk.internal.reflect.NativeMethodAccessorImpl.invoke0(Native Method)&#13;
	at java.base/jdk.internal.reflect.NativeMethodAccessorImpl.invoke(NativeMethodAccessorImpl.java:64)&#13;
	at java.base/jdk.internal.reflect.DelegatingMethodAccessorImpl.invoke(DelegatingMethodAccessorImpl.java:43)&#13;
	at java.base/java.lang.reflect.Method.invoke(Method.java:564)&#13;
	at org.junit.runners.model.FrameworkMethod$1.runReflectiveCall(FrameworkMethod.java:59)&#13;
	at org.junit.internal.runners.model.ReflectiveCallable.run(ReflectiveCallable.java:12)&#13;
	at org.junit.runners.model.FrameworkMethod.invokeExplosively(FrameworkMethod.java:56)&#13;
	at org.junit.internal.runners.statements.InvokeMethod.evaluate(InvokeMethod.java:17)&#13;
	at org.junit.internal.runners.statements.RunBefores.evaluate(RunBefores.java:26)&#13;
	at org.junit.runners.ParentRunner$3.evaluate(ParentRunner.java:306)&#13;
	at org.junit.runners.BlockJUnit4ClassRunner$1.evaluate(BlockJUnit4ClassRunner.java:100)&#13;
	at org.junit.runners.ParentRunner.runLeaf(ParentRunner.java:366)&#13;
	at org.junit.runners.BlockJUnit4ClassRunner.runChild(BlockJUnit4ClassRunner.java:103)&#13;
	at org.junit.runners.BlockJUnit4ClassRunner.runChild(BlockJUnit4ClassRunner.java:63)&#13;
	at org.junit.runners.ParentRunner$4.run(ParentRunner.java:331)&#13;
	at org.junit.runners.ParentRunner$1.schedule(ParentRunner.java:79)&#13;
	at org.junit.runners.ParentRunner.runChildren(ParentRunner.java:329)&#13;
	at org.junit.runners.ParentRunner.access$100(ParentRunner.java:66)&#13;
	at org.junit.runners.ParentRunner$2.evaluate(ParentRunner.java:293)&#13;
	at org.junit.runners.ParentRunner$3.evaluate(ParentRunner.java:306)&#13;
	at org.junit.runners.ParentRunner.run(ParentRunner.java:413)&#13;
	at org.junit.runner.JUnitCore.run(JUnitCore.java:137)&#13;
	at org.junit.runner.JUnitCore.run(JUnitCore.java:115)&#13;
	at org.junit.vintage.engine.execution.RunnerExecutor.execute(RunnerExecutor.java:43)&#13;
	at java.base/java.util.stream.ForEachOps$ForEachOp$OfRef.accept(ForEachOps.java:183)&#13;
	at java.base/java.util.stream.ReferencePipeline$3$1.accept(ReferencePipeline.java:195)&#13;
	at java.base/java.util.Iterator.forEachRemaining(Iterator.java:133)&#13;
	at java.base/java.util.Spliterators$IteratorSpliterator.forEachRemaining(Spliterators.java:1801)&#13;
	at java.base/java.util.stream.AbstractPipeline.copyInto(AbstractPipeline.java:484)&#13;
	at java.base/java.util.stream.AbstractPipeline.wrapAndCopyInto(AbstractPipeline.java:474)&#13;
	at java.base/java.util.stream.ForEachOps$ForEachOp.evaluateSequential(ForEachOps.java:150)&#13;
	at java.base/java.util.stream.ForEachOps$ForEachOp$OfRef.evaluateSequential(ForEachOps.java:173)&#13;
	at java.base/java.util.stream.AbstractPipeline.evaluate(AbstractPipeline.java:234)&#13;
	at java.base/java.util.stream.ReferencePipeline.forEach(ReferencePipeline.java:497)&#13;
	at org.junit.vintage.engine.VintageTestEngine.executeAllChildren(VintageTestEngine.java:82)&#13;
	at org.junit.vintage.engine.VintageTestEngine.execute(VintageTestEngine.java:73)&#13;
	at org.junit.platform.launcher.core.DefaultLauncher.execute(DefaultLauncher.java:248)&#13;
	at org.junit.platform.launcher.core.DefaultLauncher.lambda$execute$5(DefaultLauncher.java:211)&#13;
	at org.junit.platform.launcher.core.DefaultLauncher.withInterceptedStreams(DefaultLauncher.java:226)&#13;
	at org.junit.platform.launcher.core.DefaultLauncher.execute(DefaultLauncher.java:199)&#13;
	at org.junit.platform.launcher.core.DefaultLauncher.execute(DefaultLauncher.java:141)&#13;
	at org.eclipse.jdt.internal.junit5.runner.JUnit5TestReference.run(JUnit5TestReference.java:98)&#13;
	at org.eclipse.jdt.internal.junit.runner.TestExecution.run(TestExecution.java:40)&#13;
	at org.eclipse.jdt.internal.junit.runner.RemoteTestRunner.runTests(RemoteTestRunner.java:541)&#13;
	at org.eclipse.jdt.internal.junit.runner.RemoteTestRunner.runTests(RemoteTestRunner.java:768)&#13;
	at org.eclipse.jdt.internal.junit.runner.RemoteTestRunner.run(RemoteTestRunner.java:464)&#13;
	at org.eclipse.jdt.internal.junit.runner.RemoteTestRunner.main(RemoteTestRunner.java:210)&#13;
&#13;
</failure>
    </testcase>
    <testcase name="testMessage" classname="com.bms.model.ResponseForExceptionTest" time="0.001" displayname="testMessage" uniqueid="[engine:junit-vintage]/[runner:com.bms.model.ResponseForExceptionTest]/[test:testMessage(com.bms.model.ResponseForExceptionTest)]"/>
    <testcase name="testStatus" classname="com.bms.model.ResponseForExceptionTest" time="0.001" displayname="testStatus" uniqueid="[engine:junit-vintage]/[runner:com.bms.model.ResponseForExceptionTest]/[test:testStatus(com.bms.model.ResponseForExceptionTest)]"/>
  </testsuite>
  <testsuite name="com.bms.model.ValidateTokenTest" time="0.006" displayname="ValidateTokenTest" uniqueid="[engine:junit-vintage]/[runner:com.bms.model.ValidateTokenTest]">
    <testcase name="testUID" classname="com.bms.model.ValidateTokenTest" time="0.002" displayname="testUID" uniqueid="[engine:junit-vintage]/[runner:com.bms.model.ValidateTokenTest]/[test:testUID(com.bms.model.ValidateTokenTest)]"/>
    <testcase name="testUserName" classname="com.bms.model.ValidateTokenTest" time="0.001" displayname="testUserName" uniqueid="[engine:junit-vintage]/[runner:com.bms.model.ValidateTokenTest]/[test:testUserName(com.bms.model.ValidateTokenTest)]"/>
    <testcase name="testIsLoggedIn" classname="com.bms.model.ValidateTokenTest" time="0.002" displayname="testIsLoggedIn" uniqueid="[engine:junit-vintage]/[runner:com.bms.model.ValidateTokenTest]/[test:testIsLoggedIn(com.bms.model.ValidateTokenTest)]"/>
    <testcase name="testIsValid" classname="com.bms.model.ValidateTokenTest" time="0.001" displayname="testIsValid" uniqueid="[engine:junit-vintage]/[runner:com.bms.model.ValidateTokenTest]/[test:testIsValid(com.bms.model.ValidateTokenTest)]"/>
  </testsuite>
  <testsuite name="com.bms.model.ResponseForSuccessTest" time="0.003" displayname="ResponseForSuccessTest" uniqueid="[engine:junit-vintage]/[runner:com.bms.model.ResponseForSuccessTest]">
    <testcase name="testMessage" classname="com.bms.model.ResponseForSuccessTest" time="0.003" displayname="testMessage" uniqueid="[engine:junit-vintage]/[runner:com.bms.model.ResponseForSuccessTest]/[test:testMessage(com.bms.model.ResponseForSuccessTest)]"/>
  </testsuite>
  <testsuite name="com.bms.BmsRegistrationApplicationTests" time="10.819" displayname="BmsRegistrationApplicationTests" uniqueid="[engine:junit-jupiter]/[class:com.bms.BmsRegistrationApplicationTests]">
    <testcase name="contextLoads" classname="com.bms.BmsRegistrationApplicationTests" time="10.819" displayname="contextLoads()" uniqueid="[engine:junit-jupiter]/[class:com.bms.BmsRegistrationApplicationTests]/[method:contextLoads()]">
      <error>org.springframework.context.ApplicationContextException: Failed to start bean 'webServerStartStop'; nested exception is org.springframework.boot.web.server.PortInUseException: Port 8090 is already in use&#13;
	at org.springframework.context.support.DefaultLifecycleProcessor.doStart(DefaultLifecycleProcessor.java:185)&#13;
	at org.springframework.context.support.DefaultLifecycleProcessor.access$200(DefaultLifecycleProcessor.java:53)&#13;
	at org.springframework.context.support.DefaultLifecycleProcessor$LifecycleGroup.start(DefaultLifecycleProcessor.java:360)&#13;
	at org.springframework.context.support.DefaultLifecycleProcessor.startBeans(DefaultLifecycleProcessor.java:158)&#13;
	at org.springframework.context.support.DefaultLifecycleProcessor.onRefresh(DefaultLifecycleProcessor.java:122)&#13;
	at org.springframework.context.support.AbstractApplicationContext.finishRefresh(AbstractApplicationContext.java:895)&#13;
	at org.springframework.context.support.AbstractApplicationContext.refresh(AbstractApplicationContext.java:554)&#13;
	at org.springframework.boot.web.servlet.context.ServletWebServerApplicationContext.refresh(ServletWebServerApplicationContext.java:143)&#13;
	at org.springframework.boot.SpringApplication.refresh(SpringApplication.java:755)&#13;
	at org.springframework.boot.SpringApplication.refresh(SpringApplication.java:747)&#13;
	at org.springframework.boot.SpringApplication.refreshContext(SpringApplication.java:402)&#13;
	at org.springframework.boot.SpringApplication.run(SpringApplication.java:312)&#13;
	at org.springframework.boot.SpringApplication.run(SpringApplication.java:1247)&#13;
	at org.springframework.boot.SpringApplication.run(SpringApplication.java:1236)&#13;
	at com.bms.BmsRegistrationApplication.main(BmsRegistrationApplication.java:13)&#13;
	at com.bms.BmsRegistrationApplicationTests.contextLoads(BmsRegistrationApplicationTests.java:13)&#13;
	at java.base/jdk.internal.reflect.NativeMethodAccessorImpl.invoke0(Native Method)&#13;
	at java.base/jdk.internal.reflect.NativeMethodAccessorImpl.invoke(NativeMethodAccessorImpl.java:64)&#13;
	at java.base/jdk.internal.reflect.DelegatingMethodAccessorImpl.invoke(DelegatingMethodAccessorImpl.java:43)&#13;
	at java.base/java.lang.reflect.Method.invoke(Method.java:564)&#13;
	at org.junit.platform.commons.util.ReflectionUtils.invokeMethod(ReflectionUtils.java:686)&#13;
	at org.junit.jupiter.engine.execution.MethodInvocation.proceed(MethodInvocation.java:60)&#13;
	at org.junit.jupiter.engine.execution.InvocationInterceptorChain$ValidatingInvocation.proceed(InvocationInterceptorChain.java:131)&#13;
	at org.junit.jupiter.engine.extension.TimeoutExtension.intercept(TimeoutExtension.java:149)&#13;
	at org.junit.jupiter.engine.extension.TimeoutExtension.interceptTestableMethod(TimeoutExtension.java:140)&#13;
	at org.junit.jupiter.engine.extension.TimeoutExtension.interceptTestMethod(TimeoutExtension.java:84)&#13;
	at org.junit.jupiter.engine.execution.ExecutableInvoker$ReflectiveInterceptorCall.lambda$ofVoidMethod$0(ExecutableInvoker.java:115)&#13;
	at org.junit.jupiter.engine.execution.ExecutableInvoker.lambda$invoke$0(ExecutableInvoker.java:105)&#13;
	at org.junit.jupiter.engine.execution.InvocationInterceptorChain$InterceptedInvocation.proceed(InvocationInterceptorChain.java:106)&#13;
	at org.junit.jupiter.engine.execution.InvocationInterceptorChain.proceed(InvocationInterceptorChain.java:64)&#13;
	at org.junit.jupiter.engine.execution.InvocationInterceptorChain.chainAndInvoke(InvocationInterceptorChain.java:45)&#13;
	at org.junit.jupiter.engine.execution.InvocationInterceptorChain.invoke(InvocationInterceptorChain.java:37)&#13;
	at org.junit.jupiter.engine.execution.ExecutableInvoker.invoke(ExecutableInvoker.java:104)&#13;
	at org.junit.jupiter.engine.execution.ExecutableInvoker.invoke(ExecutableInvoker.java:98)&#13;
	at org.junit.jupiter.engine.descriptor.TestMethodTestDescriptor.lambda$invokeTestMethod$6(TestMethodTestDescriptor.java:212)&#13;
	at org.junit.platform.engine.support.hierarchical.ThrowableCollector.execute(ThrowableCollector.java:73)&#13;
	at org.junit.jupiter.engine.descriptor.TestMethodTestDescriptor.invokeTestMethod(TestMethodTestDescriptor.java:208)&#13;
	at org.junit.jupiter.engine.descriptor.TestMethodTestDescriptor.execute(TestMethodTestDescriptor.java:137)&#13;
	at org.junit.jupiter.engine.descriptor.TestMethodTestDescriptor.execute(TestMethodTestDescriptor.java:71)&#13;
	at org.junit.platform.engine.support.hierarchical.NodeTestTask.lambda$executeRecursively$5(NodeTestTask.java:135)&#13;
	at org.junit.platform.engine.support.hierarchical.ThrowableCollector.execute(ThrowableCollector.java:73)&#13;
	at org.junit.platform.engine.support.hierarchical.NodeTestTask.lambda$executeRecursively$7(NodeTestTask.java:125)&#13;
	at org.junit.platform.engine.support.hierarchical.Node.around(Node.java:135)&#13;
	at org.junit.platform.engine.support.hierarchical.NodeTestTask.lambda$executeRecursively$8(NodeTestTask.java:123)&#13;
	at org.junit.platform.engine.support.hierarchical.ThrowableCollector.execute(ThrowableCollector.java:73)&#13;
	at org.junit.platform.engine.support.hierarchical.NodeTestTask.executeRecursively(NodeTestTask.java:122)&#13;
	at org.junit.platform.engine.support.hierarchical.NodeTestTask.execute(NodeTestTask.java:80)&#13;
	at java.base/java.util.ArrayList.forEach(ArrayList.java:1511)&#13;
	at org.junit.platform.engine.support.hierarchical.SameThreadHierarchicalTestExecutorService.invokeAll(SameThreadHierarchicalTestExecutorService.java:38)&#13;
	at org.junit.platform.engine.support.hierarchical.NodeTestTask.lambda$executeRecursively$5(NodeTestTask.java:139)&#13;
	at org.junit.platform.engine.support.hierarchical.ThrowableCollector.execute(ThrowableCollector.java:73)&#13;
	at org.junit.platform.engine.support.hierarchical.NodeTestTask.lambda$executeRecursively$7(NodeTestTask.java:125)&#13;
	at org.junit.platform.engine.support.hierarchical.Node.around(Node.java:135)&#13;
	at org.junit.platform.engine.support.hierarchical.NodeTestTask.lambda$executeRecursively$8(NodeTestTask.java:123)&#13;
	at org.junit.platform.engine.support.hierarchical.ThrowableCollector.execute(ThrowableCollector.java:73)&#13;
	at org.junit.platform.engine.support.hierarchical.NodeTestTask.executeRecursively(NodeTestTask.java:122)&#13;
	at org.junit.platform.engine.support.hierarchical.NodeTestTask.execute(NodeTestTask.java:80)&#13;
	at java.base/java.util.ArrayList.forEach(ArrayList.java:1511)&#13;
	at org.junit.platform.engine.support.hierarchical.SameThreadHierarchicalTestExecutorService.invokeAll(SameThreadHierarchicalTestExecutorService.java:38)&#13;
	at org.junit.platform.engine.support.hierarchical.NodeTestTask.lambda$executeRecursively$5(NodeTestTask.java:139)&#13;
	at org.junit.platform.engine.support.hierarchical.ThrowableCollector.execute(ThrowableCollector.java:73)&#13;
	at org.junit.platform.engine.support.hierarchical.NodeTestTask.lambda$executeRecursively$7(NodeTestTask.java:125)&#13;
	at org.junit.platform.engine.support.hierarchical.Node.around(Node.java:135)&#13;
	at org.junit.platform.engine.support.hierarchical.NodeTestTask.lambda$executeRecursively$8(NodeTestTask.java:123)&#13;
	at org.junit.platform.engine.support.hierarchical.ThrowableCollector.execute(ThrowableCollector.java:73)&#13;
	at org.junit.platform.engine.support.hierarchical.NodeTestTask.executeRecursively(NodeTestTask.java:122)&#13;
	at org.junit.platform.engine.support.hierarchical.NodeTestTask.execute(NodeTestTask.java:80)&#13;
	at org.junit.platform.engine.support.hierarchical.SameThreadHierarchicalTestExecutorService.submit(SameThreadHierarchicalTestExecutorService.java:32)&#13;
	at org.junit.platform.engine.support.hierarchical.HierarchicalTestExecutor.execute(HierarchicalTestExecutor.java:57)&#13;
	at org.junit.platform.engine.support.hierarchical.HierarchicalTestEngine.execute(HierarchicalTestEngine.java:51)&#13;
	at org.junit.platform.launcher.core.DefaultLauncher.execute(DefaultLauncher.java:248)&#13;
	at org.junit.platform.launcher.core.DefaultLauncher.lambda$execute$5(DefaultLauncher.java:211)&#13;
	at org.junit.platform.launcher.core.DefaultLauncher.withInterceptedStreams(DefaultLauncher.java:226)&#13;
	at org.junit.platform.launcher.core.DefaultLauncher.execute(DefaultLauncher.java:199)&#13;
	at org.junit.platform.launcher.core.DefaultLauncher.execute(DefaultLauncher.java:141)&#13;
	at org.eclipse.jdt.internal.junit5.runner.JUnit5TestReference.run(JUnit5TestReference.java:98)&#13;
	at org.eclipse.jdt.internal.junit.runner.TestExecution.run(TestExecution.java:40)&#13;
	at org.eclipse.jdt.internal.junit.runner.RemoteTestRunner.runTests(RemoteTestRunner.java:541)&#13;
	at org.eclipse.jdt.internal.junit.runner.RemoteTestRunner.runTests(RemoteTestRunner.java:768)&#13;
	at org.eclipse.jdt.internal.junit.runner.RemoteTestRunner.run(RemoteTestRunner.java:464)&#13;
	at org.eclipse.jdt.internal.junit.runner.RemoteTestRunner.main(RemoteTestRunner.java:210)&#13;
Caused by: org.springframework.boot.web.server.PortInUseException: Port 8090 is already in use&#13;
	at org.springframework.boot.web.server.PortInUseException.lambda$throwIfPortBindingException$0(PortInUseException.java:70)&#13;
	at org.springframework.boot.web.server.PortInUseException.lambda$ifPortBindingException$1(PortInUseException.java:85)&#13;
	at org.springframework.boot.web.server.PortInUseException.ifCausedBy(PortInUseException.java:103)&#13;
	at org.springframework.boot.web.server.PortInUseException.ifPortBindingException(PortInUseException.java:82)&#13;
	at org.springframework.boot.web.server.PortInUseException.throwIfPortBindingException(PortInUseException.java:69)&#13;
	at org.springframework.boot.web.embedded.tomcat.TomcatWebServer.start(TomcatWebServer.java:228)&#13;
	at org.springframework.boot.web.servlet.context.WebServerStartStopLifecycle.start(WebServerStartStopLifecycle.java:43)&#13;
	at org.springframework.context.support.DefaultLifecycleProcessor.doStart(DefaultLifecycleProcessor.java:182)&#13;
	... 80 more&#13;
Caused by: java.lang.IllegalArgumentException: standardService.connector.startFailed&#13;
	at org.apache.catalina.core.StandardService.addConnector(StandardService.java:243)&#13;
	at org.springframework.boot.web.embedded.tomcat.TomcatWebServer.addPreviouslyRemovedConnectors(TomcatWebServer.java:282)&#13;
	at org.springframework.boot.web.embedded.tomcat.TomcatWebServer.start(TomcatWebServer.java:213)&#13;
	... 82 more&#13;
Caused by: org.apache.catalina.LifecycleException: Protocol handler start failed&#13;
	at org.apache.catalina.connector.Connector.startInternal(Connector.java:1075)&#13;
	at org.apache.catalina.util.LifecycleBase.start(LifecycleBase.java:183)&#13;
	at org.apache.catalina.core.StandardService.addConnector(StandardService.java:239)&#13;
	... 84 more&#13;
Caused by: java.net.BindException: Address already in use: bind&#13;
	at java.base/sun.nio.ch.Net.bind0(Native Method)&#13;
	at java.base/sun.nio.ch.Net.bind(Net.java:550)&#13;
	at java.base/sun.nio.ch.ServerSocketChannelImpl.bind(ServerSocketChannelImpl.java:249)&#13;
	at org.apache.tomcat.util.net.NioEndpoint.initServerSocket(NioEndpoint.java:300)&#13;
	at org.apache.tomcat.util.net.NioEndpoint.bind(NioEndpoint.java:253)&#13;
	at org.apache.tomcat.util.net.AbstractEndpoint.bindWithCleanup(AbstractEndpoint.java:1204)&#13;
	at org.apache.tomcat.util.net.AbstractEndpoint.start(AbstractEndpoint.java:1290)&#13;
	at org.apache.coyote.AbstractProtocol.start(AbstractProtocol.java:614)&#13;
	at org.apache.catalina.connector.Connector.startInternal(Connector.java:1072)&#13;
	... 86 more&#13;
&#13;
</error>
    </testcase>
  </testsuite>
  <testsuite name="com.bms.exception.UnauthorizedExceptionTest" time="0.018" displayname="UnauthorizedExceptionTest" uniqueid="[engine:junit-jupiter]/[class:com.bms.exception.UnauthorizedExceptionTest]">
    <testcase name="constructorTest" classname="com.bms.exception.UnauthorizedExceptionTest" time="0.018" displayname="constructorTest()" uniqueid="[engine:junit-jupiter]/[class:com.bms.exception.UnauthorizedExceptionTest]/[method:constructorTest()]"/>
  </testsuite>
  <testsuite name="com.bms.exception.InvalidTokenExceptionTest" time="0.036" displayname="InvalidTokenExceptionTest" uniqueid="[engine:junit-jupiter]/[class:com.bms.exception.InvalidTokenExceptionTest]">
    <testcase name="constructorTest" classname="com.bms.exception.InvalidTokenExceptionTest" time="0.036" displayname="constructorTest()" uniqueid="[engine:junit-jupiter]/[class:com.bms.exception.InvalidTokenExceptionTest]/[method:constructorTest()]"/>
  </testsuite>
  <testsuite name="com.bms.exception.UserNotLoggedInExceptionTest" time="0.016" displayname="UserNotLoggedInExceptionTest" uniqueid="[engine:junit-jupiter]/[class:com.bms.exception.UserNotLoggedInExceptionTest]">
    <testcase name="constructorTest" classname="com.bms.exception.UserNotLoggedInExceptionTest" time="0.016" displayname="constructorTest()" uniqueid="[engine:junit-jupiter]/[class:com.bms.exception.UserNotLoggedInExceptionTest]/[method:constructorTest()]"/>
  </testsuite>
  <testsuite name="com.bms.exception.GlobalExceptionHandlerTest" time="0.146" displayname="GlobalExceptionHandlerTest" uniqueid="[engine:junit-jupiter]/[class:com.bms.exception.GlobalExceptionHandlerTest]">
    <testcase name="invalidTokenExceptionTest" classname="com.bms.exception.GlobalExceptionHandlerTest" time="0.022" displayname="invalidTokenExceptionTest()" uniqueid="[engine:junit-jupiter]/[class:com.bms.exception.GlobalExceptionHandlerTest]/[method:invalidTokenExceptionTest()]"/>
    <testcase name="userNotLoggedInExceptionTest" classname="com.bms.exception.GlobalExceptionHandlerTest" time="0.11" displayname="userNotLoggedInExceptionTest()" uniqueid="[engine:junit-jupiter]/[class:com.bms.exception.GlobalExceptionHandlerTest]/[method:userNotLoggedInExceptionTest()]"/>
  </testsuite>
</testrun>
